<test-run id="2" duration="0.707017" testcasecount="14" total="14" passed="14" failed="0" inconclusive="0" skipped="0" result="Passed" start-time="2021-10-17T 21:29:39Z" end-time="2021-10-17T 21:29:44Z">
  <test-suite type="Assembly" name="Wildcards.Tests.dll" fullname="C:\Users\olatu\Projects\demo\AWSM\wildcards\Wildcards\Wildcards.Tests\bin\Debug\net5.0\Wildcards.Tests.dll" total="14" passed="14" failed="0" inconclusive="0" skipped="0" result="Passed" start-time="2021-10-17T 21:29:43Z" end-time="2021-10-17T 21:29:44Z" duration="0.707017">
    <test-suite type="TestSuite" name="Wildcards" fullname="Wildcards" total="14" passed="14" failed="0" inconclusive="0" skipped="0" result="Passed" start-time="2021-10-17T 21:29:43Z" end-time="2021-10-17T 21:29:44Z" duration="0.707017">
      <test-suite type="TestSuite" name="Tests" fullname="Wildcards.Tests" total="14" passed="14" failed="0" inconclusive="0" skipped="0" result="Passed" start-time="2021-10-17T 21:29:43Z" end-time="2021-10-17T 21:29:44Z" duration="0.707017">
        <test-suite type="TestFixture" name="RegexPatternServiceTest" fullname="Wildcards.Tests.RegexPatternServiceTest" total="10" passed="10" failed="0" inconclusive="0" skipped="0" result="Passed" start-time="2021-10-17T 21:29:43Z" end-time="2021-10-17T 21:29:44Z" duration="0.383689">
          <test-case name="GetRegexPattern_Returns_CorrectRegexPattern(&quot;+&quot;)" fullname="Wildcards.Tests.RegexPatternServiceTest.GetRegexPattern_Returns_CorrectRegexPattern(&quot;+&quot;)" methodname="GetRegexPattern_Returns_CorrectRegexPattern(&quot;+&quot;)" classname="RegexPatternServiceTest" result="Passed" start-time="2021-10-17T 21:29:43Z" end-time="2021-10-17T 21:29:44Z" duration="0.37448" asserts="0" />
          <test-case name="GetRegexPattern_Returns_CorrectRegexPattern(&quot;++&quot;)" fullname="Wildcards.Tests.RegexPatternServiceTest.GetRegexPattern_Returns_CorrectRegexPattern(&quot;++&quot;)" methodname="GetRegexPattern_Returns_CorrectRegexPattern(&quot;++&quot;)" classname="RegexPatternServiceTest" result="Passed" start-time="2021-10-17T 21:29:44Z" end-time="2021-10-17T 21:29:44Z" duration="0.000416" asserts="0" />
          <test-case name="GetRegexPattern_Returns_CorrectRegexPattern(&quot;$&quot;)" fullname="Wildcards.Tests.RegexPatternServiceTest.GetRegexPattern_Returns_CorrectRegexPattern(&quot;$&quot;)" methodname="GetRegexPattern_Returns_CorrectRegexPattern(&quot;$&quot;)" classname="RegexPatternServiceTest" result="Passed" start-time="2021-10-17T 21:29:44Z" end-time="2021-10-17T 21:29:44Z" duration="0.000458" asserts="0" />
          <test-case name="GetRegexPattern_Returns_CorrectRegexPattern(&quot;$++&quot;)" fullname="Wildcards.Tests.RegexPatternServiceTest.GetRegexPattern_Returns_CorrectRegexPattern(&quot;$++&quot;)" methodname="GetRegexPattern_Returns_CorrectRegexPattern(&quot;$++&quot;)" classname="RegexPatternServiceTest" result="Passed" start-time="2021-10-17T 21:29:44Z" end-time="2021-10-17T 21:29:44Z" duration="0.000197" asserts="0" />
          <test-case name="GetRegexPattern_Returns_CorrectRegexPattern(&quot;*&quot;)" fullname="Wildcards.Tests.RegexPatternServiceTest.GetRegexPattern_Returns_CorrectRegexPattern(&quot;*&quot;)" methodname="GetRegexPattern_Returns_CorrectRegexPattern(&quot;*&quot;)" classname="RegexPatternServiceTest" result="Passed" start-time="2021-10-17T 21:29:44Z" end-time="2021-10-17T 21:29:44Z" duration="0.000187" asserts="0" />
          <test-case name="GetRegexPattern_Returns_CorrectRegexPattern(&quot;$++**&quot;)" fullname="Wildcards.Tests.RegexPatternServiceTest.GetRegexPattern_Returns_CorrectRegexPattern(&quot;$++**&quot;)" methodname="GetRegexPattern_Returns_CorrectRegexPattern(&quot;$++**&quot;)" classname="RegexPatternServiceTest" result="Passed" start-time="2021-10-17T 21:29:44Z" end-time="2021-10-17T 21:29:44Z" duration="0.000227" asserts="0" />
          <test-case name="GetRegexPattern_Returns_CorrectRegexPattern(&quot;*{1}&quot;)" fullname="Wildcards.Tests.RegexPatternServiceTest.GetRegexPattern_Returns_CorrectRegexPattern(&quot;*{1}&quot;)" methodname="GetRegexPattern_Returns_CorrectRegexPattern(&quot;*{1}&quot;)" classname="RegexPatternServiceTest" result="Passed" start-time="2021-10-17T 21:29:44Z" end-time="2021-10-17T 21:29:44Z" duration="0.000193" asserts="0" />
          <test-case name="GetRegexPattern_Returns_CorrectRegexPattern(&quot;++*{5}&quot;)" fullname="Wildcards.Tests.RegexPatternServiceTest.GetRegexPattern_Returns_CorrectRegexPattern(&quot;++*{5}&quot;)" methodname="GetRegexPattern_Returns_CorrectRegexPattern(&quot;++*{5}&quot;)" classname="RegexPatternServiceTest" result="Passed" start-time="2021-10-17T 21:29:44Z" end-time="2021-10-17T 21:29:44Z" duration="0.00705" asserts="0" />
          <test-case name="GetRegexPattern_Returns_CorrectRegexPattern(&quot;+++++*&quot;)" fullname="Wildcards.Tests.RegexPatternServiceTest.GetRegexPattern_Returns_CorrectRegexPattern(&quot;+++++*&quot;)" methodname="GetRegexPattern_Returns_CorrectRegexPattern(&quot;+++++*&quot;)" classname="RegexPatternServiceTest" result="Passed" start-time="2021-10-17T 21:29:44Z" end-time="2021-10-17T 21:29:44Z" duration="0.000284" asserts="0" />
          <test-case name="GetRegexPattern_Returns_CorrectRegexPattern(&quot;$**+*{2}&quot;)" fullname="Wildcards.Tests.RegexPatternServiceTest.GetRegexPattern_Returns_CorrectRegexPattern(&quot;$**+*{2}&quot;)" methodname="GetRegexPattern_Returns_CorrectRegexPattern(&quot;$**+*{2}&quot;)" classname="RegexPatternServiceTest" result="Passed" start-time="2021-10-17T 21:29:44Z" end-time="2021-10-17T 21:29:44Z" duration="0.000197" asserts="0" />
        </test-suite>
        <test-suite type="TestFixture" name="WildcardsServiceTest" fullname="Wildcards.Tests.WildcardsServiceTest" total="4" passed="4" failed="0" inconclusive="0" skipped="0" result="Passed" start-time="2021-10-17T 21:29:44Z" end-time="2021-10-17T 21:29:44Z" duration="0.323328">
          <test-case name="Wildcards_Returns_False_IfInputContainsMoreThanOneSpaceCharacters" fullname="Wildcards.Tests.WildcardsServiceTest.Wildcards_Returns_False_IfInputContainsMoreThanOneSpaceCharacters" methodname="Wildcards_Returns_False_IfInputContainsMoreThanOneSpaceCharacters" classname="WildcardsServiceTest" result="Passed" start-time="2021-10-17T 21:29:44Z" end-time="2021-10-17T 21:29:44Z" duration="0.253883" asserts="0" />
          <test-case name="Wildcards_Returns_False_IfInputDoesNotContainSpaceCharacter" fullname="Wildcards.Tests.WildcardsServiceTest.Wildcards_Returns_False_IfInputDoesNotContainSpaceCharacter" methodname="Wildcards_Returns_False_IfInputDoesNotContainSpaceCharacter" classname="WildcardsServiceTest" result="Passed" start-time="2021-10-17T 21:29:44Z" end-time="2021-10-17T 21:29:44Z" duration="0.002206" asserts="0" />
          <test-case name="Wildcards_Returns_False_IfStringInInputDoesNotMatchPattern" fullname="Wildcards.Tests.WildcardsServiceTest.Wildcards_Returns_False_IfStringInInputDoesNotMatchPattern" methodname="Wildcards_Returns_False_IfStringInInputDoesNotMatchPattern" classname="WildcardsServiceTest" result="Passed" start-time="2021-10-17T 21:29:44Z" end-time="2021-10-17T 21:29:44Z" duration="0.0658" asserts="0" />
          <test-case name="Wildcards_Returns_True_IfStringInInputMatchesPattern" fullname="Wildcards.Tests.WildcardsServiceTest.Wildcards_Returns_True_IfStringInInputMatchesPattern" methodname="Wildcards_Returns_True_IfStringInInputMatchesPattern" classname="WildcardsServiceTest" result="Passed" start-time="2021-10-17T 21:29:44Z" end-time="2021-10-17T 21:29:44Z" duration="0.001439" asserts="0" />
        </test-suite>
      </test-suite>
    </test-suite>
    <errors />
  </test-suite>
</test-run>